<?xml version="1.0" encoding="UTF-8"?>
<!-- Generated by org.testng.reporters.JUnitReportReporter -->
<testsuite hostname="MacBookPro-PunitiChauhan" failures="0" tests="1" name="com.gitlab.api.tests.Tests" time="1.927" errors="0" timestamp="2021-08-23T18:05:19 IST" skipped="0">
  <testcase classname="com.gitlab.api.tests.Tests" name="postAPI" time="1.927"/>
  <system-out/>
</testsuite> <!-- com.gitlab.api.tests.Tests -->
